                                 Started job on |	Sep 02 17:46:38
                             Started mapping on |	Sep 02 17:46:50
                                    Finished on |	Sep 02 17:47:27
       Mapping speed, Million of reads per hour |	563.78

                          Number of input reads |	5794449
                      Average input read length |	200
                                    UNIQUE READS:
                   Uniquely mapped reads number |	97151
                        Uniquely mapped reads % |	1.68%
                          Average mapped length |	180.66
                       Number of splices: Total |	47384
            Number of splices: Annotated (sjdb) |	46981
                       Number of splices: GT/AG |	46881
                       Number of splices: GC/AG |	376
                       Number of splices: AT/AC |	60
               Number of splices: Non-canonical |	67
                      Mismatch rate per base, % |	0.44%
                         Deletion rate per base |	0.00%
                        Deletion average length |	1.87
                        Insertion rate per base |	0.00%
                       Insertion average length |	1.35
                             MULTI-MAPPING READS:
        Number of reads mapped to multiple loci |	10964
             % of reads mapped to multiple loci |	0.19%
        Number of reads mapped to too many loci |	916
             % of reads mapped to too many loci |	0.02%
                                  UNMAPPED READS:
  Number of reads unmapped: too many mismatches |	0
       % of reads unmapped: too many mismatches |	0.00%
            Number of reads unmapped: too short |	5685252
                 % of reads unmapped: too short |	98.12%
                Number of reads unmapped: other |	166
                     % of reads unmapped: other |	0.00%
                                  CHIMERIC READS:
                       Number of chimeric reads |	0
                            % of chimeric reads |	0.00%
