	Command being timed: "./perbasehist.py -f /projects/bgmp/shared/2017_sequencing/demultiplexed/2_2B_control_S2_L008_R1_001.fastq.gz -l 101 -u True -y 42 -o ./part1_plots/perbasehist.py_plots/2_2B_control_S2_L008_R1_001_perbasehist.png"
	User time (seconds): 81.35
	System time (seconds): 0.22
	Percent of CPU this job got: 93%
	Elapsed (wall clock) time (h:mm:ss or m:ss): 1:26.87
	Average shared text size (kbytes): 0
	Average unshared data size (kbytes): 0
	Average stack size (kbytes): 0
	Average total size (kbytes): 0
	Maximum resident set size (kbytes): 64196
	Average resident set size (kbytes): 0
	Major (requiring I/O) page faults: 0
	Minor (reclaiming a frame) page faults: 35541
	Voluntary context switches: 2590
	Involuntary context switches: 190
	Swaps: 0
	File system inputs: 0
	File system outputs: 0
	Socket messages sent: 0
	Socket messages received: 0
	Signals delivered: 0
	Page size (bytes): 4096
	Exit status: 0
	Command being timed: "./perbasehist.py -f /projects/bgmp/shared/2017_sequencing/demultiplexed/2_2B_control_S2_L008_R2_001.fastq.gz -l 101 -u True -y 42 -o ./part1_plots/perbasehist.py_plots/2_2B_control_S2_L008_R2_001_perbasehist.png"
	User time (seconds): 81.77
	System time (seconds): 0.14
	Percent of CPU this job got: 100%
	Elapsed (wall clock) time (h:mm:ss or m:ss): 1:21.25
	Average shared text size (kbytes): 0
	Average unshared data size (kbytes): 0
	Average stack size (kbytes): 0
	Average total size (kbytes): 0
	Maximum resident set size (kbytes): 65940
	Average resident set size (kbytes): 0
	Major (requiring I/O) page faults: 0
	Minor (reclaiming a frame) page faults: 36948
	Voluntary context switches: 524
	Involuntary context switches: 65
	Swaps: 0
	File system inputs: 0
	File system outputs: 0
	Socket messages sent: 0
	Socket messages received: 0
	Signals delivered: 0
	Page size (bytes): 4096
	Exit status: 0
	Command being timed: "./perbasehist.py -f /projects/bgmp/shared/2017_sequencing/demultiplexed/19_3F_fox_S14_L008_R1_001.fastq.gz -l 101 -u True -y 42 -o ./part1_plots/perbasehist.py_plots/19_3F_fox_S14_L008_R1_001_perbasehist.png"
	User time (seconds): 225.74
	System time (seconds): 0.26
	Percent of CPU this job got: 100%
	Elapsed (wall clock) time (h:mm:ss or m:ss): 3:45.81
	Average shared text size (kbytes): 0
	Average unshared data size (kbytes): 0
	Average stack size (kbytes): 0
	Average total size (kbytes): 0
	Maximum resident set size (kbytes): 67876
	Average resident set size (kbytes): 0
	Major (requiring I/O) page faults: 0
	Minor (reclaiming a frame) page faults: 41720
	Voluntary context switches: 636
	Involuntary context switches: 97
	Swaps: 0
	File system inputs: 0
	File system outputs: 0
	Socket messages sent: 0
	Socket messages received: 0
	Signals delivered: 0
	Page size (bytes): 4096
	Exit status: 0
	Command being timed: "./perbasehist.py -f /projects/bgmp/shared/2017_sequencing/demultiplexed/19_3F_fox_S14_L008_R1_001.fastq.gz -l 101 -u True -y 42 -o ./part1_plots/perbasehist.py_plots/19_3F_fox_S14_L008_R2_001_perbasehist.png"
	User time (seconds): 226.05
	System time (seconds): 0.25
	Percent of CPU this job got: 100%
	Elapsed (wall clock) time (h:mm:ss or m:ss): 3:45.95
	Average shared text size (kbytes): 0
	Average unshared data size (kbytes): 0
	Average stack size (kbytes): 0
	Average total size (kbytes): 0
	Maximum resident set size (kbytes): 62200
	Average resident set size (kbytes): 0
	Major (requiring I/O) page faults: 0
	Minor (reclaiming a frame) page faults: 41948
	Voluntary context switches: 521
	Involuntary context switches: 98
	Swaps: 0
	File system inputs: 0
	File system outputs: 0
	Socket messages sent: 0
	Socket messages received: 0
	Signals delivered: 0
	Page size (bytes): 4096
	Exit status: 0
