TrimmomaticPE: Started with arguments:
 trimmed_2_2B_control_S2_L008_R1_001.fastq.gz trimmed_2_2B_control_S2_L008_R2_001.fastq.gz fw_paired_2_2B_control_S2_L008_R1_001.fq.gz fw_unpaired_2_2B_control_S2_L008_R1_001.fq.gz rv_paired_2_2B_control_S2_L008_R2_001.fq.gz rv_unpaired_2_2B_control_S2_L008_R2_001.fq.gz LEADING:3 TRAILING:3 SLIDINGWINDOW:5:15 MINLEN:35
Multiple cores found: Using 4 threads
Quality encoding detected as phred33
Input Read Pairs: 5830665 Both Surviving: 5652538 (96.94%) Forward Only Surviving: 133553 (2.29%) Reverse Only Surviving: 4598 (0.08%) Dropped: 39976 (0.69%)
TrimmomaticPE: Completed successfully
	Command being timed: "trimmomatic PE trimmed_2_2B_control_S2_L008_R1_001.fastq.gz trimmed_2_2B_control_S2_L008_R2_001.fastq.gz fw_paired_2_2B_control_S2_L008_R1_001.fq.gz fw_unpaired_2_2B_control_S2_L008_R1_001.fq.gz rv_paired_2_2B_control_S2_L008_R2_001.fq.gz rv_unpaired_2_2B_control_S2_L008_R2_001.fq.gz LEADING:3 TRAILING:3 SLIDINGWINDOW:5:15 MINLEN:35"
	User time (seconds): 279.27
	System time (seconds): 7.07
	Percent of CPU this job got: 216%
	Elapsed (wall clock) time (h:mm:ss or m:ss): 2:12.45
	Average shared text size (kbytes): 0
	Average unshared data size (kbytes): 0
	Average stack size (kbytes): 0
	Average total size (kbytes): 0
	Maximum resident set size (kbytes): 398432
	Average resident set size (kbytes): 0
	Major (requiring I/O) page faults: 0
	Minor (reclaiming a frame) page faults: 44537
	Voluntary context switches: 65418
	Involuntary context switches: 462
	Swaps: 0
	File system inputs: 0
	File system outputs: 864
	Socket messages sent: 0
	Socket messages received: 0
	Signals delivered: 0
	Page size (bytes): 4096
	Exit status: 0

TrimmomaticPE: Started with arguments:
 trimmed_19_3F_fox_S14_L008_R1_001.fastq.gz trimmed_19_3F_fox_S14_L008_R2_001.fastq.gz fw_paired_19_3F_fox_S14_L008_R1_001.fq.gz fw_unpaired_19_3F_fox_S14_L008_R1_001.fq.gz rv_paired_19_3F_fox_S14_L008_R2_001.fq.gz rv_unpaired_19_3F_fox_S14_L008_R2_001.fq.gz LEADING:3 TRAILING:3 SLIDINGWINDOW:5:15 MINLEN:35
Multiple cores found: Using 4 threads
Quality encoding detected as phred33
Input Read Pairs: 16348255 Both Surviving: 15899268 (97.25%) Forward Only Surviving: 428450 (2.62%) Reverse Only Surviving: 14868 (0.09%) Dropped: 5669 (0.03%)
TrimmomaticPE: Completed successfully
	Command being timed: "trimmomatic PE trimmed_19_3F_fox_S14_L008_R1_001.fastq.gz trimmed_19_3F_fox_S14_L008_R2_001.fastq.gz fw_paired_19_3F_fox_S14_L008_R1_001.fq.gz fw_unpaired_19_3F_fox_S14_L008_R1_001.fq.gz rv_paired_19_3F_fox_S14_L008_R2_001.fq.gz rv_unpaired_19_3F_fox_S14_L008_R2_001.fq.gz LEADING:3 TRAILING:3 SLIDINGWINDOW:5:15 MINLEN:35"
	User time (seconds): 798.10
	System time (seconds): 19.26
	Percent of CPU this job got: 213%
	Elapsed (wall clock) time (h:mm:ss or m:ss): 6:23.26
	Average shared text size (kbytes): 0
	Average unshared data size (kbytes): 0
	Average stack size (kbytes): 0
	Average total size (kbytes): 0
	Maximum resident set size (kbytes): 402092
	Average resident set size (kbytes): 0
	Major (requiring I/O) page faults: 0
	Minor (reclaiming a frame) page faults: 49697
	Voluntary context switches: 186236
	Involuntary context switches: 861
	Swaps: 0
	File system inputs: 0
	File system outputs: 2464
	Socket messages sent: 0
	Socket messages received: 0
	Signals delivered: 0
	Page size (bytes): 4096
	Exit status: 0
