
EXITING because of FATAL ERROR in reads input: quality string length is not equal to sequence length
@K00337:83:HJKJNBBXX:8:1101:1347:2035
+
00337:83:HJKJNBBXX:8:1101:2118:2035 868 N 0
SOLUTION: fix your fastq file

Sep 02 15:54:47 ...... FATAL ERROR, exiting
/projects/bgmp/adayton/miniforge3/envs/bgmp_star/bin/STAR: line 8: 594371 Segmentation fault      (core dumped) "${cmd}" "$@"
Command exited with non-zero status 139
	Command being timed: "STAR --runThreadN 8 --runMode alignReads --outFilterMultimapNmax 3 --outSAMunmapped Within KeepPairs --alignIntronMax 1000000 --alignMatesGapMax 1000000 --readFilesCommand zcat --readFilesIn ./2_2B_control_S2_L008/trimmed_2_2B_control_S2_L008_R1_001.fastq.gz ./2_2B_control_S2_L008/trimmed_2_2B_control_S2_L008_R2_001.fastq.gz --genomeDir ./Mus_musculus.GRCm39.dna_ens112_STAR_27.11b --outFileNamePrefix ./2_2B_control_S2_L008/align_2_2B_control_S2_L008_"
	User time (seconds): 0.34
	System time (seconds): 8.30
	Percent of CPU this job got: 73%
	Elapsed (wall clock) time (h:mm:ss or m:ss): 0:11.78
	Average shared text size (kbytes): 0
	Average unshared data size (kbytes): 0
	Average stack size (kbytes): 0
	Average total size (kbytes): 0
	Maximum resident set size (kbytes): 26930184
	Average resident set size (kbytes): 0
	Major (requiring I/O) page faults: 0
	Minor (reclaiming a frame) page faults: 93399
	Voluntary context switches: 1181
	Involuntary context switches: 9
	Swaps: 0
	File system inputs: 0
	File system outputs: 0
	Socket messages sent: 0
	Socket messages received: 0
	Signals delivered: 0
	Page size (bytes): 4096
	Exit status: 139

EXITING because of FATAL ERROR in reads input: quality string length is not equal to sequence length
@K00337:83:HJKJNBBXX:8:1102:12175:30749
+
00337:83:HJKJNBBXX:8:1102:12357:30749 236574 N 0
SOLUTION: fix your fastq file

Sep 02 15:54:56 ...... FATAL ERROR, exiting
Command exited with non-zero status 104
	Command being timed: "STAR --runThreadN 8 --runMode alignReads --outFilterMultimapNmax 3 --outSAMunmapped Within KeepPairs --alignIntronMax 1000000 --alignMatesGapMax 1000000 --readFilesCommand zcat --readFilesIn ./19_3F_fox_S14_L008/trimmed_19_3F_fox_S14_L008_R1_001.fastq.gz ./19_3F_fox_S14_L008/trimmed_19_3F_fox_S14_L008_R2_001.fastq.gz --genomeDir ./Mus_musculus.GRCm39.dna_ens112_STAR_27.11b --outFileNamePrefix ./19_3F_fox_S14_L008/align_2_19_3F_fox_S14_L008_"
	User time (seconds): 2.48
	System time (seconds): 8.27
	Percent of CPU this job got: 115%
	Elapsed (wall clock) time (h:mm:ss or m:ss): 0:09.30
	Average shared text size (kbytes): 0
	Average unshared data size (kbytes): 0
	Average stack size (kbytes): 0
	Average total size (kbytes): 0
	Maximum resident set size (kbytes): 26961188
	Average resident set size (kbytes): 0
	Major (requiring I/O) page faults: 0
	Minor (reclaiming a frame) page faults: 95339
	Voluntary context switches: 3259
	Involuntary context switches: 15
	Swaps: 0
	File system inputs: 0
	File system outputs: 0
	Socket messages sent: 0
	Socket messages received: 0
	Signals delivered: 0
	Page size (bytes): 4096
	Exit status: 104
