Finding mean phreds...
{file} open!
Line: 0
Line: 1000000
Line: 2000000
Line: 3000000
Line: 4000000
Line: 5000000
Line: 6000000
Line: 7000000
Line: 8000000
Line: 9000000
Line: 10000000
Line: 11000000
Line: 12000000
Line: 13000000
Line: 14000000
Line: 15000000
Line: 16000000
Line: 17000000
Line: 18000000
Line: 19000000
Line: 20000000
Line: 21000000
Line: 22000000
Line: 23000000
Making plot...
Done!
Finding mean phreds...
{file} open!
Line: 0
Line: 1000000
Line: 2000000
Line: 3000000
Line: 4000000
Line: 5000000
Line: 6000000
Line: 7000000
Line: 8000000
Line: 9000000
Line: 10000000
Line: 11000000
Line: 12000000
Line: 13000000
Line: 14000000
Line: 15000000
Line: 16000000
Line: 17000000
Line: 18000000
Line: 19000000
Line: 20000000
Line: 21000000
Line: 22000000
Line: 23000000
Making plot...
Done!
Finding mean phreds...
{file} open!
Line: 0
Line: 1000000
Line: 2000000
Line: 3000000
Line: 4000000
Line: 5000000
Line: 6000000
Line: 7000000
Line: 8000000
Line: 9000000
Line: 10000000
Line: 11000000
Line: 12000000
Line: 13000000
Line: 14000000
Line: 15000000
Line: 16000000
Line: 17000000
Line: 18000000
Line: 19000000
Line: 20000000
Line: 21000000
Line: 22000000
Line: 23000000
Line: 24000000
Line: 25000000
Line: 26000000
Line: 27000000
Line: 28000000
Line: 29000000
Line: 30000000
Line: 31000000
Line: 32000000
Line: 33000000
Line: 34000000
Line: 35000000
Line: 36000000
Line: 37000000
Line: 38000000
Line: 39000000
Line: 40000000
Line: 41000000
Line: 42000000
Line: 43000000
Line: 44000000
Line: 45000000
Line: 46000000
Line: 47000000
Line: 48000000
Line: 49000000
Line: 50000000
Line: 51000000
Line: 52000000
Line: 53000000
Line: 54000000
Line: 55000000
Line: 56000000
Line: 57000000
Line: 58000000
Line: 59000000
Line: 60000000
Line: 61000000
Line: 62000000
Line: 63000000
Line: 64000000
Line: 65000000
Making plot...
Done!
Finding mean phreds...
{file} open!
Line: 0
Line: 1000000
Line: 2000000
Line: 3000000
Line: 4000000
Line: 5000000
Line: 6000000
Line: 7000000
Line: 8000000
Line: 9000000
Line: 10000000
Line: 11000000
Line: 12000000
Line: 13000000
Line: 14000000
Line: 15000000
Line: 16000000
Line: 17000000
Line: 18000000
Line: 19000000
Line: 20000000
Line: 21000000
Line: 22000000
Line: 23000000
Line: 24000000
Line: 25000000
Line: 26000000
Line: 27000000
Line: 28000000
Line: 29000000
Line: 30000000
Line: 31000000
Line: 32000000
Line: 33000000
Line: 34000000
Line: 35000000
Line: 36000000
Line: 37000000
Line: 38000000
Line: 39000000
Line: 40000000
Line: 41000000
Line: 42000000
Line: 43000000
Line: 44000000
Line: 45000000
Line: 46000000
Line: 47000000
Line: 48000000
Line: 49000000
Line: 50000000
Line: 51000000
Line: 52000000
Line: 53000000
Line: 54000000
Line: 55000000
Line: 56000000
Line: 57000000
Line: 58000000
Line: 59000000
Line: 60000000
Line: 61000000
Line: 62000000
Line: 63000000
Line: 64000000
Line: 65000000
Making plot...
Done!
