	Command being timed: "STAR --runThreadN 8 --runMode genomeGenerate --genomeDir ./Mus_musculus.GRCm39.dna_ens112_STAR_27.11b --genomeFastaFiles ./Mus_musculus.GRCm39.dna.primary_assembly.fa --sjdbGTFfile ./Mus_musculus.GRCm39.112.gtf"
	User time (seconds): 5686.37
	System time (seconds): 61.17
	Percent of CPU this job got: 528%
	Elapsed (wall clock) time (h:mm:ss or m:ss): 18:07.66
	Average shared text size (kbytes): 0
	Average unshared data size (kbytes): 0
	Average stack size (kbytes): 0
	Average total size (kbytes): 0
	Maximum resident set size (kbytes): 32378200
	Average resident set size (kbytes): 0
	Major (requiring I/O) page faults: 0
	Minor (reclaiming a frame) page faults: 22291086
	Voluntary context switches: 17526
	Involuntary context switches: 5421
	Swaps: 0
	File system inputs: 0
	File system outputs: 0
	Socket messages sent: 0
	Socket messages received: 0
	Signals delivered: 0
	Page size (bytes): 4096
	Exit status: 0
