	Command being timed: "STAR --runThreadN 8 --runMode alignReads --outFilterMultimapNmax 3 --outSAMunmapped Within KeepPairs --alignIntronMax 1000000 --alignMatesGapMax 1000000 --readFilesCommand zcat --readFilesIn ../2_2B_control_S2_L008/cleaned_2_2B_control_S2_L008_R1_001.fastq.gz ../2_2B_control_S2_L008/cleaned_2_2B_control_S2_L008_R2_001.fastq.gz --genomeDir ../../Mus_musculus.GRCm39.dna_ens112_STAR_27.11b --outFileNamePrefix ../2_2B_control_S2_L008/align_2_2B_control_S2_L008_"
	User time (seconds): 253.04
	System time (seconds): 9.77
	Percent of CPU this job got: 542%
	Elapsed (wall clock) time (h:mm:ss or m:ss): 0:48.41
	Average shared text size (kbytes): 0
	Average unshared data size (kbytes): 0
	Average stack size (kbytes): 0
	Average total size (kbytes): 0
	Maximum resident set size (kbytes): 27321572
	Average resident set size (kbytes): 0
	Major (requiring I/O) page faults: 0
	Minor (reclaiming a frame) page faults: 134699
	Voluntary context switches: 40108
	Involuntary context switches: 762
	Swaps: 0
	File system inputs: 0
	File system outputs: 0
	Socket messages sent: 0
	Socket messages received: 0
	Signals delivered: 0
	Page size (bytes): 4096
	Exit status: 0
	
	Command being timed: "STAR --runThreadN 8 --runMode alignReads --outFilterMultimapNmax 3 --outSAMunmapped Within KeepPairs --alignIntronMax 1000000 --alignMatesGapMax 1000000 --readFilesCommand zcat --readFilesIn ../19_3F_fox_S14_L008/cleaned_19_3F_fox_S14_L008_R1_001.fastq.gz ../19_3F_fox_S14_L008/cleaned_19_3F_fox_S14_L008_R2_001.fastq.gz --genomeDir ../../Mus_musculus.GRCm39.dna_ens112_STAR_27.11b --outFileNamePrefix ../19_3F_fox_S14_L008/align_2_19_3F_fox_S14_L008_"
	User time (seconds): 834.29
	System time (seconds): 12.40
	Percent of CPU this job got: 686%
	Elapsed (wall clock) time (h:mm:ss or m:ss): 2:03.27
	Average shared text size (kbytes): 0
	Average unshared data size (kbytes): 0
	Average stack size (kbytes): 0
	Average total size (kbytes): 0
	Maximum resident set size (kbytes): 27323508
	Average resident set size (kbytes): 0
	Major (requiring I/O) page faults: 0
	Minor (reclaiming a frame) page faults: 211535
	Voluntary context switches: 113244
	Involuntary context switches: 2440
	Swaps: 0
	File system inputs: 0
	File system outputs: 0
	Socket messages sent: 0
	Socket messages received: 0
	Signals delivered: 0
	Page size (bytes): 4096
	Exit status: 0
