
EXITING because of INPUT ERROR: the file format of the genomeFastaFile: ./Mus_musculus.GRCm39.dna.primary_assembly.fa.gz is not fasta: the first character is '' (31), not '>'.
 Solution: check formatting of the fasta file. Make sure the file is uncompressed (unzipped).

Sep 02 15:11:01 ...... FATAL ERROR, exiting
Command exited with non-zero status 104
	Command being timed: "STAR --runThreadN 8 --runMode genomeGenerate --genomeDir ./Mus_musculus.GRCm39.dna_ens112_STAR_27.11b --genomeFastaFiles ./Mus_musculus.GRCm39.dna.primary_assembly.fa.gz --sjdbGTFfile ./Mus_musculus.GRCm39.112.gtf.gz"
	User time (seconds): 0.00
	System time (seconds): 0.01
	Percent of CPU this job got: 17%
	Elapsed (wall clock) time (h:mm:ss or m:ss): 0:00.10
	Average shared text size (kbytes): 0
	Average unshared data size (kbytes): 0
	Average stack size (kbytes): 0
	Average total size (kbytes): 0
	Maximum resident set size (kbytes): 4344
	Average resident set size (kbytes): 0
	Major (requiring I/O) page faults: 0
	Minor (reclaiming a frame) page faults: 1556
	Voluntary context switches: 73
	Involuntary context switches: 0
	Swaps: 0
	File system inputs: 0
	File system outputs: 0
	Socket messages sent: 0
	Socket messages received: 0
	Signals delivered: 0
	Page size (bytes): 4096
	Exit status: 104
