/projects/bgmp/adayton/miniforge3/envs/bgmp_star/bin/STAR: line 8: 589447 Killed                  "${cmd}" "$@"
Command exited with non-zero status 137
	Command being timed: "STAR --runThreadN 8 --runMode genomeGenerate --genomeDir ./Mus_musculus.GRCm39.dna_ens112_STAR_27.11b --genomeFastaFiles ./Mus_musculus.GRCm39.dna.primary_assembly.fa --sjdbGTFfile ./Mus_musculus.GRCm39.112.gtf"
	User time (seconds): 5592.44
	System time (seconds): 51.06
	Percent of CPU this job got: 571%
	Elapsed (wall clock) time (h:mm:ss or m:ss): 16:27.16
	Average shared text size (kbytes): 0
	Average unshared data size (kbytes): 0
	Average stack size (kbytes): 0
	Average total size (kbytes): 0
	Maximum resident set size (kbytes): 31396732
	Average resident set size (kbytes): 0
	Major (requiring I/O) page faults: 0
	Minor (reclaiming a frame) page faults: 15897617
	Voluntary context switches: 11775
	Involuntary context switches: 5345
	Swaps: 0
	File system inputs: 0
	File system outputs: 0
	Socket messages sent: 0
	Socket messages received: 0
	Signals delivered: 0
	Page size (bytes): 4096
	Exit status: 137
slurmstepd: error: Detected 1 oom_kill event in StepId=15916396.batch. Some of the step tasks have been OOM Killed.
